0 info it worked if it ends with ok
1 verbose cli [ '/usr/local/Cellar/node/4.1.1/bin/node',
1 verbose cli   '/usr/local/bin/npm',
1 verbose cli   'start',
1 verbose cli   '5000' ]
2 info using npm@2.14.4
3 info using node@v4.1.1
4 verbose run-script [ 'prestart', 'start', 'poststart' ]
5 info prestart prime_multiplication_table@1.0.0
6 info start prime_multiplication_table@1.0.0
7 verbose unsafe-perm in lifecycle true
8 info prime_multiplication_table@1.0.0 Failed to exec start script
9 verbose stack Error: prime_multiplication_table@1.0.0 start: `babel-node run.js "5000"`
9 verbose stack Exit status 1
9 verbose stack     at EventEmitter.<anonymous> (/usr/local/lib/node_modules/npm/lib/utils/lifecycle.js:214:16)
9 verbose stack     at emitTwo (events.js:87:13)
9 verbose stack     at EventEmitter.emit (events.js:172:7)
9 verbose stack     at ChildProcess.<anonymous> (/usr/local/lib/node_modules/npm/lib/utils/spawn.js:24:14)
9 verbose stack     at emitTwo (events.js:87:13)
9 verbose stack     at ChildProcess.emit (events.js:172:7)
9 verbose stack     at maybeClose (internal/child_process.js:817:16)
9 verbose stack     at Process.ChildProcess._handle.onexit (internal/child_process.js:211:5)
10 verbose pkgid prime_multiplication_table@1.0.0
11 verbose cwd /Users/Alex/Desktop/primeMultiplicationTable
12 error Darwin 15.0.0
13 error argv "/usr/local/Cellar/node/4.1.1/bin/node" "/usr/local/bin/npm" "start" "5000"
14 error node v4.1.1
15 error npm  v2.14.4
16 error code ELIFECYCLE
17 error prime_multiplication_table@1.0.0 start: `babel-node run.js "5000"`
17 error Exit status 1
18 error Failed at the prime_multiplication_table@1.0.0 start script 'babel-node run.js "5000"'.
18 error This is most likely a problem with the prime_multiplication_table package,
18 error not with npm itself.
18 error Tell the author that this fails on your system:
18 error     babel-node run.js "5000"
18 error You can get their info via:
18 error     npm owner ls prime_multiplication_table
18 error There is likely additional logging output above.
19 verbose exit [ 1, true ]
